{
  "uid" : "dd7b0c099b4b3722",
  "name" : "test_2",
  "fullName" : "test.test_2#test_2",
  "historyId" : "a066e6951e7c6b0adbdd03f5eb500ba7",
  "time" : {
    "start" : 1628772419457,
    "stop" : 1628772419457,
    "duration" : 0
  },
  "status" : "failed",
  "statusMessage" : "AssertionError: assert False",
  "statusTrace" : "def test_2():\n>       assert False\nE       assert False\n\ntest/test_2.py:2: AssertionError",
  "flaky" : false,
  "newFailed" : false,
  "beforeStages" : [ ],
  "afterStages" : [ ],
  "labels" : [ {
    "name" : "parentSuite",
    "value" : "test"
  }, {
    "name" : "suite",
    "value" : "test_2"
  }, {
    "name" : "host",
    "value" : "fv-az47-496"
  }, {
    "name" : "thread",
    "value" : "3649-MainThread"
  }, {
    "name" : "framework",
    "value" : "pytest"
  }, {
    "name" : "language",
    "value" : "cpython3"
  }, {
    "name" : "package",
    "value" : "test.test_2"
  }, {
    "name" : "resultFormat",
    "value" : "allure2"
  } ],
  "parameters" : [ ],
  "links" : [ ],
  "hidden" : false,
  "retry" : false,
  "extra" : {
    "severity" : "normal",
    "retries" : [ ],
    "categories" : [ {
      "name" : "Product defects",
      "matchedStatuses" : [ ],
      "flaky" : false
    } ],
    "tags" : [ ]
  },
  "source" : "dd7b0c099b4b3722.json",
  "parameterValues" : [ ]
}